parent_id,module,code,data,type,timestamp,init_timestamp,memory_current,memory_peak,user_id,remote_ip
1632320285.7891,file_change,scan,"a:1:{s:6:""status"";s:22:""hash_comparisons_start"";}",process-update,"2021-09-22 20:09:56","2021-09-22 20:09:56",16999312,17046272,wp-cron,1,0,2001:19f0:9002:b2e:5400:2ff:fed9:6bb4
1632320285.7891,file_change,scan,"a:2:{s:6:""status"";s:16:""hash_load_failed"";s:1:""e"";s:3031:""ITSEC_File_Change_Hash_Loading_Failed_Exception: The ITSEC_File_Change_Hash_Comparator_WPOrg_Plugin comparator failed to load hashes for Ocean Elementor Widgets plugin v1.3.2. in /opt/criacao.cc_v2/releases/19/wordpress/plugins/ithemes-security-pro/core/modules/file-change/lib/hash-loading-failed-exception.php:20
Stack trace:
#0 /opt/criacao.cc_v2/releases/19/wordpress/plugins/ithemes-security-pro/pro/online-files/comparator-wporg.php(46): ITSEC_File_Change_Hash_Loading_Failed_Exception::create_for()
#1 /opt/criacao.cc_v2/releases/19/wordpress/plugins/ithemes-security-pro/core/modules/file-change/lib/hash-comparator-chain.php(113): ITSEC_File_Change_Hash_Comparator_WPOrg_Plugin->load()
#2 /opt/criacao.cc_v2/releases/19/wordpress/plugins/ithemes-security-pro/core/modules/file-change/scanner.php(694): ITSEC_File_Change_Hash_Comparator_Chain->load()
#3 /opt/criacao.cc_v2/releases/19/wordpress/plugins/ithemes-security-pro/core/modules/file-change/scanner.php(468): ITSEC_File_Change_Scanner->check_hashes()
#4 /opt/criacao.cc_v2/releases/19/wordpress/plugins/ithemes-security-pro/core/modules/file-change/class-itsec-file-change.php(48): ITSEC_File_Change_Scanner->run()
#5 /opt/criacao.cc_v2/releases/19/wordpress/core/wp-includes/class-wp-hook.php(303): ITSEC_File_Change->run_scan()
#6 /opt/criacao.cc_v2/releases/19/wordpress/core/wp-includes/class-wp-hook.php(327): WP_Hook->apply_filters()
#7 /opt/criacao.cc_v2/releases/19/wordpress/core/wp-includes/plugin.php(470): WP_Hook->do_action()
#8 /opt/criacao.cc_v2/releases/19/wordpress/plugins/ithemes-security-pro/core/lib/class-itsec-scheduler.php(383): do_action()
#9 /opt/criacao.cc_v2/releases/19/wordpress/plugins/ithemes-security-pro/core/lib/class-itsec-scheduler-page-load.php(298): ITSEC_Scheduler->call_action()
#10 /opt/criacao.cc_v2/releases/19/wordpress/plugins/ithemes-security-pro/core/lib/class-itsec-scheduler-page-load.php(269): ITSEC_Scheduler_Page_Load->run_single_event_by_hash()
#11 /opt/criacao.cc_v2/releases/19/wordpress/plugins/ithemes-security-pro/core/lib/class-itsec-scheduler-page-load.php(227): ITSEC_Scheduler_Page_Load->run_single_event()
#12 /opt/criacao.cc_v2/releases/19/wordpress/plugins/ithemes-security-pro/core/lib/class-itsec-scheduler-page-load.php(184): ITSEC_Scheduler_Page_Load->run_due_now()
#13 /opt/criacao.cc_v2/releases/19/wordpress/core/wp-includes/class-wp-hook.php(303): ITSEC_Scheduler_Page_Load->init()
#14 /opt/criacao.cc_v2/releases/19/wordpress/core/wp-includes/class-wp-hook.php(327): WP_Hook->apply_filters()
#15 /opt/criacao.cc_v2/releases/19/wordpress/core/wp-includes/plugin.php(470): WP_Hook->do_action()
#16 /opt/criacao.cc_v2/releases/19/wordpress/core/wp-settings.php(578): do_action()
#17 /opt/criacao.cc_v2/releases/19/wordpress/wp-config.php(159): require_once('/opt/criacao.cc...')
#18 /opt/criacao.cc_v2/releases/19/wordpress/core/wp-load.php(55): require_once('/opt/criacao.cc...')
#19 /opt/criacao.cc_v2/releases/19/wordpress/core/wp-cron.php(44): require_once('/opt/criacao.cc...')
#20 {main}"";}",process-update,"2021-09-22 20:09:59","2021-09-22 20:09:56",33530704,36833792,wp-cron,1,0,2001:19f0:9002:b2e:5400:2ff:fed9:6bb4
1632320285.7891,file_change,scan,"a:2:{s:6:""status"";s:16:""hash_load_failed"";s:1:""e"";s:3019:""ITSEC_File_Change_Hash_Loading_Failed_Exception: The ITSEC_File_Change_Hash_Comparator_WPOrg_Plugin comparator failed to load hashes for Ocean Hooks plugin v1.1.3. in /opt/criacao.cc_v2/releases/19/wordpress/plugins/ithemes-security-pro/core/modules/file-change/lib/hash-loading-failed-exception.php:20
Stack trace:
#0 /opt/criacao.cc_v2/releases/19/wordpress/plugins/ithemes-security-pro/pro/online-files/comparator-wporg.php(46): ITSEC_File_Change_Hash_Loading_Failed_Exception::create_for()
#1 /opt/criacao.cc_v2/releases/19/wordpress/plugins/ithemes-security-pro/core/modules/file-change/lib/hash-comparator-chain.php(113): ITSEC_File_Change_Hash_Comparator_WPOrg_Plugin->load()
#2 /opt/criacao.cc_v2/releases/19/wordpress/plugins/ithemes-security-pro/core/modules/file-change/scanner.php(694): ITSEC_File_Change_Hash_Comparator_Chain->load()
#3 /opt/criacao.cc_v2/releases/19/wordpress/plugins/ithemes-security-pro/core/modules/file-change/scanner.php(468): ITSEC_File_Change_Scanner->check_hashes()
#4 /opt/criacao.cc_v2/releases/19/wordpress/plugins/ithemes-security-pro/core/modules/file-change/class-itsec-file-change.php(48): ITSEC_File_Change_Scanner->run()
#5 /opt/criacao.cc_v2/releases/19/wordpress/core/wp-includes/class-wp-hook.php(303): ITSEC_File_Change->run_scan()
#6 /opt/criacao.cc_v2/releases/19/wordpress/core/wp-includes/class-wp-hook.php(327): WP_Hook->apply_filters()
#7 /opt/criacao.cc_v2/releases/19/wordpress/core/wp-includes/plugin.php(470): WP_Hook->do_action()
#8 /opt/criacao.cc_v2/releases/19/wordpress/plugins/ithemes-security-pro/core/lib/class-itsec-scheduler.php(383): do_action()
#9 /opt/criacao.cc_v2/releases/19/wordpress/plugins/ithemes-security-pro/core/lib/class-itsec-scheduler-page-load.php(298): ITSEC_Scheduler->call_action()
#10 /opt/criacao.cc_v2/releases/19/wordpress/plugins/ithemes-security-pro/core/lib/class-itsec-scheduler-page-load.php(269): ITSEC_Scheduler_Page_Load->run_single_event_by_hash()
#11 /opt/criacao.cc_v2/releases/19/wordpress/plugins/ithemes-security-pro/core/lib/class-itsec-scheduler-page-load.php(227): ITSEC_Scheduler_Page_Load->run_single_event()
#12 /opt/criacao.cc_v2/releases/19/wordpress/plugins/ithemes-security-pro/core/lib/class-itsec-scheduler-page-load.php(184): ITSEC_Scheduler_Page_Load->run_due_now()
#13 /opt/criacao.cc_v2/releases/19/wordpress/core/wp-includes/class-wp-hook.php(303): ITSEC_Scheduler_Page_Load->init()
#14 /opt/criacao.cc_v2/releases/19/wordpress/core/wp-includes/class-wp-hook.php(327): WP_Hook->apply_filters()
#15 /opt/criacao.cc_v2/releases/19/wordpress/core/wp-includes/plugin.php(470): WP_Hook->do_action()
#16 /opt/criacao.cc_v2/releases/19/wordpress/core/wp-settings.php(578): do_action()
#17 /opt/criacao.cc_v2/releases/19/wordpress/wp-config.php(159): require_once('/opt/criacao.cc...')
#18 /opt/criacao.cc_v2/releases/19/wordpress/core/wp-load.php(55): require_once('/opt/criacao.cc...')
#19 /opt/criacao.cc_v2/releases/19/wordpress/core/wp-cron.php(44): require_once('/opt/criacao.cc...')
#20 {main}"";}",process-update,"2021-09-22 20:10:00","2021-09-22 20:09:56",33564448,37070496,wp-cron,1,0,2001:19f0:9002:b2e:5400:2ff:fed9:6bb4
1632320285.7891,file_change,scan,"a:2:{s:6:""status"";s:16:""hash_load_failed"";s:1:""e"";s:3023:""ITSEC_File_Change_Hash_Loading_Failed_Exception: The ITSEC_File_Change_Hash_Comparator_WPOrg_Plugin comparator failed to load hashes for Ocean Pro Demos plugin v1.1.9. in /opt/criacao.cc_v2/releases/19/wordpress/plugins/ithemes-security-pro/core/modules/file-change/lib/hash-loading-failed-exception.php:20
Stack trace:
#0 /opt/criacao.cc_v2/releases/19/wordpress/plugins/ithemes-security-pro/pro/online-files/comparator-wporg.php(46): ITSEC_File_Change_Hash_Loading_Failed_Exception::create_for()
#1 /opt/criacao.cc_v2/releases/19/wordpress/plugins/ithemes-security-pro/core/modules/file-change/lib/hash-comparator-chain.php(113): ITSEC_File_Change_Hash_Comparator_WPOrg_Plugin->load()
#2 /opt/criacao.cc_v2/releases/19/wordpress/plugins/ithemes-security-pro/core/modules/file-change/scanner.php(694): ITSEC_File_Change_Hash_Comparator_Chain->load()
#3 /opt/criacao.cc_v2/releases/19/wordpress/plugins/ithemes-security-pro/core/modules/file-change/scanner.php(468): ITSEC_File_Change_Scanner->check_hashes()
#4 /opt/criacao.cc_v2/releases/19/wordpress/plugins/ithemes-security-pro/core/modules/file-change/class-itsec-file-change.php(48): ITSEC_File_Change_Scanner->run()
#5 /opt/criacao.cc_v2/releases/19/wordpress/core/wp-includes/class-wp-hook.php(303): ITSEC_File_Change->run_scan()
#6 /opt/criacao.cc_v2/releases/19/wordpress/core/wp-includes/class-wp-hook.php(327): WP_Hook->apply_filters()
#7 /opt/criacao.cc_v2/releases/19/wordpress/core/wp-includes/plugin.php(470): WP_Hook->do_action()
#8 /opt/criacao.cc_v2/releases/19/wordpress/plugins/ithemes-security-pro/core/lib/class-itsec-scheduler.php(383): do_action()
#9 /opt/criacao.cc_v2/releases/19/wordpress/plugins/ithemes-security-pro/core/lib/class-itsec-scheduler-page-load.php(298): ITSEC_Scheduler->call_action()
#10 /opt/criacao.cc_v2/releases/19/wordpress/plugins/ithemes-security-pro/core/lib/class-itsec-scheduler-page-load.php(269): ITSEC_Scheduler_Page_Load->run_single_event_by_hash()
#11 /opt/criacao.cc_v2/releases/19/wordpress/plugins/ithemes-security-pro/core/lib/class-itsec-scheduler-page-load.php(227): ITSEC_Scheduler_Page_Load->run_single_event()
#12 /opt/criacao.cc_v2/releases/19/wordpress/plugins/ithemes-security-pro/core/lib/class-itsec-scheduler-page-load.php(184): ITSEC_Scheduler_Page_Load->run_due_now()
#13 /opt/criacao.cc_v2/releases/19/wordpress/core/wp-includes/class-wp-hook.php(303): ITSEC_Scheduler_Page_Load->init()
#14 /opt/criacao.cc_v2/releases/19/wordpress/core/wp-includes/class-wp-hook.php(327): WP_Hook->apply_filters()
#15 /opt/criacao.cc_v2/releases/19/wordpress/core/wp-includes/plugin.php(470): WP_Hook->do_action()
#16 /opt/criacao.cc_v2/releases/19/wordpress/core/wp-settings.php(578): do_action()
#17 /opt/criacao.cc_v2/releases/19/wordpress/wp-config.php(159): require_once('/opt/criacao.cc...')
#18 /opt/criacao.cc_v2/releases/19/wordpress/core/wp-load.php(55): require_once('/opt/criacao.cc...')
#19 /opt/criacao.cc_v2/releases/19/wordpress/core/wp-cron.php(44): require_once('/opt/criacao.cc...')
#20 {main}"";}",process-update,"2021-09-22 20:10:03","2021-09-22 20:09:56",35432440,41277632,wp-cron,1,0,2001:19f0:9002:b2e:5400:2ff:fed9:6bb4
1632320285.7891,file_change,scan,"a:2:{s:6:""status"";s:16:""hash_load_failed"";s:1:""e"";s:3023:""ITSEC_File_Change_Hash_Loading_Failed_Exception: The ITSEC_File_Change_Hash_Comparator_WPOrg_Plugin comparator failed to load hashes for Ocean Portfolio plugin v1.3.1. in /opt/criacao.cc_v2/releases/19/wordpress/plugins/ithemes-security-pro/core/modules/file-change/lib/hash-loading-failed-exception.php:20
Stack trace:
#0 /opt/criacao.cc_v2/releases/19/wordpress/plugins/ithemes-security-pro/pro/online-files/comparator-wporg.php(46): ITSEC_File_Change_Hash_Loading_Failed_Exception::create_for()
#1 /opt/criacao.cc_v2/releases/19/wordpress/plugins/ithemes-security-pro/core/modules/file-change/lib/hash-comparator-chain.php(113): ITSEC_File_Change_Hash_Comparator_WPOrg_Plugin->load()
#2 /opt/criacao.cc_v2/releases/19/wordpress/plugins/ithemes-security-pro/core/modules/file-change/scanner.php(694): ITSEC_File_Change_Hash_Comparator_Chain->load()
#3 /opt/criacao.cc_v2/releases/19/wordpress/plugins/ithemes-security-pro/core/modules/file-change/scanner.php(468): ITSEC_File_Change_Scanner->check_hashes()
#4 /opt/criacao.cc_v2/releases/19/wordpress/plugins/ithemes-security-pro/core/modules/file-change/class-itsec-file-change.php(48): ITSEC_File_Change_Scanner->run()
#5 /opt/criacao.cc_v2/releases/19/wordpress/core/wp-includes/class-wp-hook.php(303): ITSEC_File_Change->run_scan()
#6 /opt/criacao.cc_v2/releases/19/wordpress/core/wp-includes/class-wp-hook.php(327): WP_Hook->apply_filters()
#7 /opt/criacao.cc_v2/releases/19/wordpress/core/wp-includes/plugin.php(470): WP_Hook->do_action()
#8 /opt/criacao.cc_v2/releases/19/wordpress/plugins/ithemes-security-pro/core/lib/class-itsec-scheduler.php(383): do_action()
#9 /opt/criacao.cc_v2/releases/19/wordpress/plugins/ithemes-security-pro/core/lib/class-itsec-scheduler-page-load.php(298): ITSEC_Scheduler->call_action()
#10 /opt/criacao.cc_v2/releases/19/wordpress/plugins/ithemes-security-pro/core/lib/class-itsec-scheduler-page-load.php(269): ITSEC_Scheduler_Page_Load->run_single_event_by_hash()
#11 /opt/criacao.cc_v2/releases/19/wordpress/plugins/ithemes-security-pro/core/lib/class-itsec-scheduler-page-load.php(227): ITSEC_Scheduler_Page_Load->run_single_event()
#12 /opt/criacao.cc_v2/releases/19/wordpress/plugins/ithemes-security-pro/core/lib/class-itsec-scheduler-page-load.php(184): ITSEC_Scheduler_Page_Load->run_due_now()
#13 /opt/criacao.cc_v2/releases/19/wordpress/core/wp-includes/class-wp-hook.php(303): ITSEC_Scheduler_Page_Load->init()
#14 /opt/criacao.cc_v2/releases/19/wordpress/core/wp-includes/class-wp-hook.php(327): WP_Hook->apply_filters()
#15 /opt/criacao.cc_v2/releases/19/wordpress/core/wp-includes/plugin.php(470): WP_Hook->do_action()
#16 /opt/criacao.cc_v2/releases/19/wordpress/core/wp-settings.php(578): do_action()
#17 /opt/criacao.cc_v2/releases/19/wordpress/wp-config.php(159): require_once('/opt/criacao.cc...')
#18 /opt/criacao.cc_v2/releases/19/wordpress/core/wp-load.php(55): require_once('/opt/criacao.cc...')
#19 /opt/criacao.cc_v2/releases/19/wordpress/core/wp-cron.php(44): require_once('/opt/criacao.cc...')
#20 {main}"";}",process-update,"2021-09-22 20:10:04","2021-09-22 20:09:56",35524448,41347440,wp-cron,1,0,2001:19f0:9002:b2e:5400:2ff:fed9:6bb4
1632320285.7891,file_change,scan,"a:2:{s:6:""status"";s:16:""hash_load_failed"";s:1:""e"";s:3028:""ITSEC_File_Change_Hash_Loading_Failed_Exception: The ITSEC_File_Change_Hash_Comparator_WPOrg_Plugin comparator failed to load hashes for Ocean Footer Callout plugin v1.1.0. in /opt/criacao.cc_v2/releases/19/wordpress/plugins/ithemes-security-pro/core/modules/file-change/lib/hash-loading-failed-exception.php:20
Stack trace:
#0 /opt/criacao.cc_v2/releases/19/wordpress/plugins/ithemes-security-pro/pro/online-files/comparator-wporg.php(46): ITSEC_File_Change_Hash_Loading_Failed_Exception::create_for()
#1 /opt/criacao.cc_v2/releases/19/wordpress/plugins/ithemes-security-pro/core/modules/file-change/lib/hash-comparator-chain.php(113): ITSEC_File_Change_Hash_Comparator_WPOrg_Plugin->load()
#2 /opt/criacao.cc_v2/releases/19/wordpress/plugins/ithemes-security-pro/core/modules/file-change/scanner.php(694): ITSEC_File_Change_Hash_Comparator_Chain->load()
#3 /opt/criacao.cc_v2/releases/19/wordpress/plugins/ithemes-security-pro/core/modules/file-change/scanner.php(468): ITSEC_File_Change_Scanner->check_hashes()
#4 /opt/criacao.cc_v2/releases/19/wordpress/plugins/ithemes-security-pro/core/modules/file-change/class-itsec-file-change.php(48): ITSEC_File_Change_Scanner->run()
#5 /opt/criacao.cc_v2/releases/19/wordpress/core/wp-includes/class-wp-hook.php(303): ITSEC_File_Change->run_scan()
#6 /opt/criacao.cc_v2/releases/19/wordpress/core/wp-includes/class-wp-hook.php(327): WP_Hook->apply_filters()
#7 /opt/criacao.cc_v2/releases/19/wordpress/core/wp-includes/plugin.php(470): WP_Hook->do_action()
#8 /opt/criacao.cc_v2/releases/19/wordpress/plugins/ithemes-security-pro/core/lib/class-itsec-scheduler.php(383): do_action()
#9 /opt/criacao.cc_v2/releases/19/wordpress/plugins/ithemes-security-pro/core/lib/class-itsec-scheduler-page-load.php(298): ITSEC_Scheduler->call_action()
#10 /opt/criacao.cc_v2/releases/19/wordpress/plugins/ithemes-security-pro/core/lib/class-itsec-scheduler-page-load.php(269): ITSEC_Scheduler_Page_Load->run_single_event_by_hash()
#11 /opt/criacao.cc_v2/releases/19/wordpress/plugins/ithemes-security-pro/core/lib/class-itsec-scheduler-page-load.php(227): ITSEC_Scheduler_Page_Load->run_single_event()
#12 /opt/criacao.cc_v2/releases/19/wordpress/plugins/ithemes-security-pro/core/lib/class-itsec-scheduler-page-load.php(184): ITSEC_Scheduler_Page_Load->run_due_now()
#13 /opt/criacao.cc_v2/releases/19/wordpress/core/wp-includes/class-wp-hook.php(303): ITSEC_Scheduler_Page_Load->init()
#14 /opt/criacao.cc_v2/releases/19/wordpress/core/wp-includes/class-wp-hook.php(327): WP_Hook->apply_filters()
#15 /opt/criacao.cc_v2/releases/19/wordpress/core/wp-includes/plugin.php(470): WP_Hook->do_action()
#16 /opt/criacao.cc_v2/releases/19/wordpress/core/wp-settings.php(578): do_action()
#17 /opt/criacao.cc_v2/releases/19/wordpress/wp-config.php(159): require_once('/opt/criacao.cc...')
#18 /opt/criacao.cc_v2/releases/19/wordpress/core/wp-load.php(55): require_once('/opt/criacao.cc...')
#19 /opt/criacao.cc_v2/releases/19/wordpress/core/wp-cron.php(44): require_once('/opt/criacao.cc...')
#20 {main}"";}",process-update,"2021-09-22 20:10:04","2021-09-22 20:09:56",35569488,41347440,wp-cron,1,0,2001:19f0:9002:b2e:5400:2ff:fed9:6bb4
1632320285.7891,file_change,scan,"a:2:{s:6:""status"";s:16:""hash_load_failed"";s:1:""e"";s:3025:""ITSEC_File_Change_Hash_Loading_Failed_Exception: The ITSEC_File_Change_Hash_Comparator_WPOrg_Plugin comparator failed to load hashes for Ocean Full Screen plugin v1.0.7. in /opt/criacao.cc_v2/releases/19/wordpress/plugins/ithemes-security-pro/core/modules/file-change/lib/hash-loading-failed-exception.php:20
Stack trace:
#0 /opt/criacao.cc_v2/releases/19/wordpress/plugins/ithemes-security-pro/pro/online-files/comparator-wporg.php(46): ITSEC_File_Change_Hash_Loading_Failed_Exception::create_for()
#1 /opt/criacao.cc_v2/releases/19/wordpress/plugins/ithemes-security-pro/core/modules/file-change/lib/hash-comparator-chain.php(113): ITSEC_File_Change_Hash_Comparator_WPOrg_Plugin->load()
#2 /opt/criacao.cc_v2/releases/19/wordpress/plugins/ithemes-security-pro/core/modules/file-change/scanner.php(694): ITSEC_File_Change_Hash_Comparator_Chain->load()
#3 /opt/criacao.cc_v2/releases/19/wordpress/plugins/ithemes-security-pro/core/modules/file-change/scanner.php(468): ITSEC_File_Change_Scanner->check_hashes()
#4 /opt/criacao.cc_v2/releases/19/wordpress/plugins/ithemes-security-pro/core/modules/file-change/class-itsec-file-change.php(48): ITSEC_File_Change_Scanner->run()
#5 /opt/criacao.cc_v2/releases/19/wordpress/core/wp-includes/class-wp-hook.php(303): ITSEC_File_Change->run_scan()
#6 /opt/criacao.cc_v2/releases/19/wordpress/core/wp-includes/class-wp-hook.php(327): WP_Hook->apply_filters()
#7 /opt/criacao.cc_v2/releases/19/wordpress/core/wp-includes/plugin.php(470): WP_Hook->do_action()
#8 /opt/criacao.cc_v2/releases/19/wordpress/plugins/ithemes-security-pro/core/lib/class-itsec-scheduler.php(383): do_action()
#9 /opt/criacao.cc_v2/releases/19/wordpress/plugins/ithemes-security-pro/core/lib/class-itsec-scheduler-page-load.php(298): ITSEC_Scheduler->call_action()
#10 /opt/criacao.cc_v2/releases/19/wordpress/plugins/ithemes-security-pro/core/lib/class-itsec-scheduler-page-load.php(269): ITSEC_Scheduler_Page_Load->run_single_event_by_hash()
#11 /opt/criacao.cc_v2/releases/19/wordpress/plugins/ithemes-security-pro/core/lib/class-itsec-scheduler-page-load.php(227): ITSEC_Scheduler_Page_Load->run_single_event()
#12 /opt/criacao.cc_v2/releases/19/wordpress/plugins/ithemes-security-pro/core/lib/class-itsec-scheduler-page-load.php(184): ITSEC_Scheduler_Page_Load->run_due_now()
#13 /opt/criacao.cc_v2/releases/19/wordpress/core/wp-includes/class-wp-hook.php(303): ITSEC_Scheduler_Page_Load->init()
#14 /opt/criacao.cc_v2/releases/19/wordpress/core/wp-includes/class-wp-hook.php(327): WP_Hook->apply_filters()
#15 /opt/criacao.cc_v2/releases/19/wordpress/core/wp-includes/plugin.php(470): WP_Hook->do_action()
#16 /opt/criacao.cc_v2/releases/19/wordpress/core/wp-settings.php(578): do_action()
#17 /opt/criacao.cc_v2/releases/19/wordpress/wp-config.php(159): require_once('/opt/criacao.cc...')
#18 /opt/criacao.cc_v2/releases/19/wordpress/core/wp-load.php(55): require_once('/opt/criacao.cc...')
#19 /opt/criacao.cc_v2/releases/19/wordpress/core/wp-cron.php(44): require_once('/opt/criacao.cc...')
#20 {main}"";}",process-update,"2021-09-22 20:10:11","2021-09-22 20:09:56",37868632,45049752,wp-cron,1,0,2001:19f0:9002:b2e:5400:2ff:fed9:6bb4
1632320285.7891,file_change,scan,"a:2:{s:6:""status"";s:16:""hash_load_failed"";s:1:""e"";s:3025:""ITSEC_File_Change_Hash_Loading_Failed_Exception: The ITSEC_File_Change_Hash_Comparator_WPOrg_Plugin comparator failed to load hashes for Ocean Popup Login plugin v1.2.0. in /opt/criacao.cc_v2/releases/19/wordpress/plugins/ithemes-security-pro/core/modules/file-change/lib/hash-loading-failed-exception.php:20
Stack trace:
#0 /opt/criacao.cc_v2/releases/19/wordpress/plugins/ithemes-security-pro/pro/online-files/comparator-wporg.php(46): ITSEC_File_Change_Hash_Loading_Failed_Exception::create_for()
#1 /opt/criacao.cc_v2/releases/19/wordpress/plugins/ithemes-security-pro/core/modules/file-change/lib/hash-comparator-chain.php(113): ITSEC_File_Change_Hash_Comparator_WPOrg_Plugin->load()
#2 /opt/criacao.cc_v2/releases/19/wordpress/plugins/ithemes-security-pro/core/modules/file-change/scanner.php(694): ITSEC_File_Change_Hash_Comparator_Chain->load()
#3 /opt/criacao.cc_v2/releases/19/wordpress/plugins/ithemes-security-pro/core/modules/file-change/scanner.php(468): ITSEC_File_Change_Scanner->check_hashes()
#4 /opt/criacao.cc_v2/releases/19/wordpress/plugins/ithemes-security-pro/core/modules/file-change/class-itsec-file-change.php(48): ITSEC_File_Change_Scanner->run()
#5 /opt/criacao.cc_v2/releases/19/wordpress/core/wp-includes/class-wp-hook.php(303): ITSEC_File_Change->run_scan()
#6 /opt/criacao.cc_v2/releases/19/wordpress/core/wp-includes/class-wp-hook.php(327): WP_Hook->apply_filters()
#7 /opt/criacao.cc_v2/releases/19/wordpress/core/wp-includes/plugin.php(470): WP_Hook->do_action()
#8 /opt/criacao.cc_v2/releases/19/wordpress/plugins/ithemes-security-pro/core/lib/class-itsec-scheduler.php(383): do_action()
#9 /opt/criacao.cc_v2/releases/19/wordpress/plugins/ithemes-security-pro/core/lib/class-itsec-scheduler-page-load.php(298): ITSEC_Scheduler->call_action()
#10 /opt/criacao.cc_v2/releases/19/wordpress/plugins/ithemes-security-pro/core/lib/class-itsec-scheduler-page-load.php(269): ITSEC_Scheduler_Page_Load->run_single_event_by_hash()
#11 /opt/criacao.cc_v2/releases/19/wordpress/plugins/ithemes-security-pro/core/lib/class-itsec-scheduler-page-load.php(227): ITSEC_Scheduler_Page_Load->run_single_event()
#12 /opt/criacao.cc_v2/releases/19/wordpress/plugins/ithemes-security-pro/core/lib/class-itsec-scheduler-page-load.php(184): ITSEC_Scheduler_Page_Load->run_due_now()
#13 /opt/criacao.cc_v2/releases/19/wordpress/core/wp-includes/class-wp-hook.php(303): ITSEC_Scheduler_Page_Load->init()
#14 /opt/criacao.cc_v2/releases/19/wordpress/core/wp-includes/class-wp-hook.php(327): WP_Hook->apply_filters()
#15 /opt/criacao.cc_v2/releases/19/wordpress/core/wp-includes/plugin.php(470): WP_Hook->do_action()
#16 /opt/criacao.cc_v2/releases/19/wordpress/core/wp-settings.php(578): do_action()
#17 /opt/criacao.cc_v2/releases/19/wordpress/wp-config.php(159): require_once('/opt/criacao.cc...')
#18 /opt/criacao.cc_v2/releases/19/wordpress/core/wp-load.php(55): require_once('/opt/criacao.cc...')
#19 /opt/criacao.cc_v2/releases/19/wordpress/core/wp-cron.php(44): require_once('/opt/criacao.cc...')
#20 {main}"";}",process-update,"2021-09-22 20:10:11","2021-09-22 20:09:56",37917752,45049752,wp-cron,1,0,2001:19f0:9002:b2e:5400:2ff:fed9:6bb4
1632320285.7891,file_change,scan,"a:2:{s:6:""status"";s:16:""hash_load_failed"";s:1:""e"";s:3025:""ITSEC_File_Change_Hash_Loading_Failed_Exception: The ITSEC_File_Change_Hash_Comparator_WPOrg_Plugin comparator failed to load hashes for WP All Import Pro plugin v4.6.9. in /opt/criacao.cc_v2/releases/19/wordpress/plugins/ithemes-security-pro/core/modules/file-change/lib/hash-loading-failed-exception.php:20
Stack trace:
#0 /opt/criacao.cc_v2/releases/19/wordpress/plugins/ithemes-security-pro/pro/online-files/comparator-wporg.php(46): ITSEC_File_Change_Hash_Loading_Failed_Exception::create_for()
#1 /opt/criacao.cc_v2/releases/19/wordpress/plugins/ithemes-security-pro/core/modules/file-change/lib/hash-comparator-chain.php(113): ITSEC_File_Change_Hash_Comparator_WPOrg_Plugin->load()
#2 /opt/criacao.cc_v2/releases/19/wordpress/plugins/ithemes-security-pro/core/modules/file-change/scanner.php(694): ITSEC_File_Change_Hash_Comparator_Chain->load()
#3 /opt/criacao.cc_v2/releases/19/wordpress/plugins/ithemes-security-pro/core/modules/file-change/scanner.php(468): ITSEC_File_Change_Scanner->check_hashes()
#4 /opt/criacao.cc_v2/releases/19/wordpress/plugins/ithemes-security-pro/core/modules/file-change/class-itsec-file-change.php(48): ITSEC_File_Change_Scanner->run()
#5 /opt/criacao.cc_v2/releases/19/wordpress/core/wp-includes/class-wp-hook.php(303): ITSEC_File_Change->run_scan()
#6 /opt/criacao.cc_v2/releases/19/wordpress/core/wp-includes/class-wp-hook.php(327): WP_Hook->apply_filters()
#7 /opt/criacao.cc_v2/releases/19/wordpress/core/wp-includes/plugin.php(470): WP_Hook->do_action()
#8 /opt/criacao.cc_v2/releases/19/wordpress/plugins/ithemes-security-pro/core/lib/class-itsec-scheduler.php(383): do_action()
#9 /opt/criacao.cc_v2/releases/19/wordpress/plugins/ithemes-security-pro/core/lib/class-itsec-scheduler-page-load.php(298): ITSEC_Scheduler->call_action()
#10 /opt/criacao.cc_v2/releases/19/wordpress/plugins/ithemes-security-pro/core/lib/class-itsec-scheduler-page-load.php(269): ITSEC_Scheduler_Page_Load->run_single_event_by_hash()
#11 /opt/criacao.cc_v2/releases/19/wordpress/plugins/ithemes-security-pro/core/lib/class-itsec-scheduler-page-load.php(227): ITSEC_Scheduler_Page_Load->run_single_event()
#12 /opt/criacao.cc_v2/releases/19/wordpress/plugins/ithemes-security-pro/core/lib/class-itsec-scheduler-page-load.php(184): ITSEC_Scheduler_Page_Load->run_due_now()
#13 /opt/criacao.cc_v2/releases/19/wordpress/core/wp-includes/class-wp-hook.php(303): ITSEC_Scheduler_Page_Load->init()
#14 /opt/criacao.cc_v2/releases/19/wordpress/core/wp-includes/class-wp-hook.php(327): WP_Hook->apply_filters()
#15 /opt/criacao.cc_v2/releases/19/wordpress/core/wp-includes/plugin.php(470): WP_Hook->do_action()
#16 /opt/criacao.cc_v2/releases/19/wordpress/core/wp-settings.php(578): do_action()
#17 /opt/criacao.cc_v2/releases/19/wordpress/wp-config.php(159): require_once('/opt/criacao.cc...')
#18 /opt/criacao.cc_v2/releases/19/wordpress/core/wp-load.php(55): require_once('/opt/criacao.cc...')
#19 /opt/criacao.cc_v2/releases/19/wordpress/core/wp-cron.php(44): require_once('/opt/criacao.cc...')
#20 {main}"";}",process-update,"2021-09-22 20:10:15","2021-09-22 20:09:56",39156208,47044200,wp-cron,1,0,2001:19f0:9002:b2e:5400:2ff:fed9:6bb4
1632320285.7891,file_change,scan,"a:2:{s:6:""status"";s:16:""hash_load_failed"";s:1:""e"";s:3027:""ITSEC_File_Change_Hash_Loading_Failed_Exception: The ITSEC_File_Change_Hash_Comparator_WPOrg_Plugin comparator failed to load hashes for Ocean Cookie Notice plugin v1.0.5. in /opt/criacao.cc_v2/releases/19/wordpress/plugins/ithemes-security-pro/core/modules/file-change/lib/hash-loading-failed-exception.php:20
Stack trace:
#0 /opt/criacao.cc_v2/releases/19/wordpress/plugins/ithemes-security-pro/pro/online-files/comparator-wporg.php(46): ITSEC_File_Change_Hash_Loading_Failed_Exception::create_for()
#1 /opt/criacao.cc_v2/releases/19/wordpress/plugins/ithemes-security-pro/core/modules/file-change/lib/hash-comparator-chain.php(113): ITSEC_File_Change_Hash_Comparator_WPOrg_Plugin->load()
#2 /opt/criacao.cc_v2/releases/19/wordpress/plugins/ithemes-security-pro/core/modules/file-change/scanner.php(694): ITSEC_File_Change_Hash_Comparator_Chain->load()
#3 /opt/criacao.cc_v2/releases/19/wordpress/plugins/ithemes-security-pro/core/modules/file-change/scanner.php(468): ITSEC_File_Change_Scanner->check_hashes()
#4 /opt/criacao.cc_v2/releases/19/wordpress/plugins/ithemes-security-pro/core/modules/file-change/class-itsec-file-change.php(48): ITSEC_File_Change_Scanner->run()
#5 /opt/criacao.cc_v2/releases/19/wordpress/core/wp-includes/class-wp-hook.php(303): ITSEC_File_Change->run_scan()
#6 /opt/criacao.cc_v2/releases/19/wordpress/core/wp-includes/class-wp-hook.php(327): WP_Hook->apply_filters()
#7 /opt/criacao.cc_v2/releases/19/wordpress/core/wp-includes/plugin.php(470): WP_Hook->do_action()
#8 /opt/criacao.cc_v2/releases/19/wordpress/plugins/ithemes-security-pro/core/lib/class-itsec-scheduler.php(383): do_action()
#9 /opt/criacao.cc_v2/releases/19/wordpress/plugins/ithemes-security-pro/core/lib/class-itsec-scheduler-page-load.php(298): ITSEC_Scheduler->call_action()
#10 /opt/criacao.cc_v2/releases/19/wordpress/plugins/ithemes-security-pro/core/lib/class-itsec-scheduler-page-load.php(269): ITSEC_Scheduler_Page_Load->run_single_event_by_hash()
#11 /opt/criacao.cc_v2/releases/19/wordpress/plugins/ithemes-security-pro/core/lib/class-itsec-scheduler-page-load.php(227): ITSEC_Scheduler_Page_Load->run_single_event()
#12 /opt/criacao.cc_v2/releases/19/wordpress/plugins/ithemes-security-pro/core/lib/class-itsec-scheduler-page-load.php(184): ITSEC_Scheduler_Page_Load->run_due_now()
#13 /opt/criacao.cc_v2/releases/19/wordpress/core/wp-includes/class-wp-hook.php(303): ITSEC_Scheduler_Page_Load->init()
#14 /opt/criacao.cc_v2/releases/19/wordpress/core/wp-includes/class-wp-hook.php(327): WP_Hook->apply_filters()
#15 /opt/criacao.cc_v2/releases/19/wordpress/core/wp-includes/plugin.php(470): WP_Hook->do_action()
#16 /opt/criacao.cc_v2/releases/19/wordpress/core/wp-settings.php(578): do_action()
#17 /opt/criacao.cc_v2/releases/19/wordpress/wp-config.php(159): require_once('/opt/criacao.cc...')
#18 /opt/criacao.cc_v2/releases/19/wordpress/core/wp-load.php(55): require_once('/opt/criacao.cc...')
#19 /opt/criacao.cc_v2/releases/19/wordpress/core/wp-cron.php(44): require_once('/opt/criacao.cc...')
#20 {main}"";}",process-update,"2021-09-22 20:10:20","2021-09-22 20:09:56",41976448,52711376,wp-cron,1,0,2001:19f0:9002:b2e:5400:2ff:fed9:6bb4
1632320285.7891,file_change,scan,"a:2:{s:6:""status"";s:16:""hash_load_failed"";s:1:""e"";s:3017:""ITSEC_File_Change_Hash_Loading_Failed_Exception: The ITSEC_File_Change_Hash_Comparator_WPOrg_Plugin comparator failed to load hashes for WP Rocket plugin v3.9.2. in /opt/criacao.cc_v2/releases/19/wordpress/plugins/ithemes-security-pro/core/modules/file-change/lib/hash-loading-failed-exception.php:20
Stack trace:
#0 /opt/criacao.cc_v2/releases/19/wordpress/plugins/ithemes-security-pro/pro/online-files/comparator-wporg.php(46): ITSEC_File_Change_Hash_Loading_Failed_Exception::create_for()
#1 /opt/criacao.cc_v2/releases/19/wordpress/plugins/ithemes-security-pro/core/modules/file-change/lib/hash-comparator-chain.php(113): ITSEC_File_Change_Hash_Comparator_WPOrg_Plugin->load()
#2 /opt/criacao.cc_v2/releases/19/wordpress/plugins/ithemes-security-pro/core/modules/file-change/scanner.php(694): ITSEC_File_Change_Hash_Comparator_Chain->load()
#3 /opt/criacao.cc_v2/releases/19/wordpress/plugins/ithemes-security-pro/core/modules/file-change/scanner.php(468): ITSEC_File_Change_Scanner->check_hashes()
#4 /opt/criacao.cc_v2/releases/19/wordpress/plugins/ithemes-security-pro/core/modules/file-change/class-itsec-file-change.php(48): ITSEC_File_Change_Scanner->run()
#5 /opt/criacao.cc_v2/releases/19/wordpress/core/wp-includes/class-wp-hook.php(303): ITSEC_File_Change->run_scan()
#6 /opt/criacao.cc_v2/releases/19/wordpress/core/wp-includes/class-wp-hook.php(327): WP_Hook->apply_filters()
#7 /opt/criacao.cc_v2/releases/19/wordpress/core/wp-includes/plugin.php(470): WP_Hook->do_action()
#8 /opt/criacao.cc_v2/releases/19/wordpress/plugins/ithemes-security-pro/core/lib/class-itsec-scheduler.php(383): do_action()
#9 /opt/criacao.cc_v2/releases/19/wordpress/plugins/ithemes-security-pro/core/lib/class-itsec-scheduler-page-load.php(298): ITSEC_Scheduler->call_action()
#10 /opt/criacao.cc_v2/releases/19/wordpress/plugins/ithemes-security-pro/core/lib/class-itsec-scheduler-page-load.php(269): ITSEC_Scheduler_Page_Load->run_single_event_by_hash()
#11 /opt/criacao.cc_v2/releases/19/wordpress/plugins/ithemes-security-pro/core/lib/class-itsec-scheduler-page-load.php(227): ITSEC_Scheduler_Page_Load->run_single_event()
#12 /opt/criacao.cc_v2/releases/19/wordpress/plugins/ithemes-security-pro/core/lib/class-itsec-scheduler-page-load.php(184): ITSEC_Scheduler_Page_Load->run_due_now()
#13 /opt/criacao.cc_v2/releases/19/wordpress/core/wp-includes/class-wp-hook.php(303): ITSEC_Scheduler_Page_Load->init()
#14 /opt/criacao.cc_v2/releases/19/wordpress/core/wp-includes/class-wp-hook.php(327): WP_Hook->apply_filters()
#15 /opt/criacao.cc_v2/releases/19/wordpress/core/wp-includes/plugin.php(470): WP_Hook->do_action()
#16 /opt/criacao.cc_v2/releases/19/wordpress/core/wp-settings.php(578): do_action()
#17 /opt/criacao.cc_v2/releases/19/wordpress/wp-config.php(159): require_once('/opt/criacao.cc...')
#18 /opt/criacao.cc_v2/releases/19/wordpress/core/wp-load.php(55): require_once('/opt/criacao.cc...')
#19 /opt/criacao.cc_v2/releases/19/wordpress/core/wp-cron.php(44): require_once('/opt/criacao.cc...')
#20 {main}"";}",process-update,"2021-09-22 20:10:22","2021-09-22 20:09:56",45225568,56861840,wp-cron,1,0,2001:19f0:9002:b2e:5400:2ff:fed9:6bb4
1632320285.7891,file_change,scan,"a:2:{s:6:""status"";s:16:""hash_load_failed"";s:1:""e"";s:3025:""ITSEC_File_Change_Hash_Loading_Failed_Exception: The ITSEC_File_Change_Hash_Comparator_WPOrg_Plugin comparator failed to load hashes for Ocean White Label plugin v1.0.6. in /opt/criacao.cc_v2/releases/19/wordpress/plugins/ithemes-security-pro/core/modules/file-change/lib/hash-loading-failed-exception.php:20
Stack trace:
#0 /opt/criacao.cc_v2/releases/19/wordpress/plugins/ithemes-security-pro/pro/online-files/comparator-wporg.php(46): ITSEC_File_Change_Hash_Loading_Failed_Exception::create_for()
#1 /opt/criacao.cc_v2/releases/19/wordpress/plugins/ithemes-security-pro/core/modules/file-change/lib/hash-comparator-chain.php(113): ITSEC_File_Change_Hash_Comparator_WPOrg_Plugin->load()
#2 /opt/criacao.cc_v2/releases/19/wordpress/plugins/ithemes-security-pro/core/modules/file-change/scanner.php(694): ITSEC_File_Change_Hash_Comparator_Chain->load()
#3 /opt/criacao.cc_v2/releases/19/wordpress/plugins/ithemes-security-pro/core/modules/file-change/scanner.php(468): ITSEC_File_Change_Scanner->check_hashes()
#4 /opt/criacao.cc_v2/releases/19/wordpress/plugins/ithemes-security-pro/core/modules/file-change/class-itsec-file-change.php(48): ITSEC_File_Change_Scanner->run()
#5 /opt/criacao.cc_v2/releases/19/wordpress/core/wp-includes/class-wp-hook.php(303): ITSEC_File_Change->run_scan()
#6 /opt/criacao.cc_v2/releases/19/wordpress/core/wp-includes/class-wp-hook.php(327): WP_Hook->apply_filters()
#7 /opt/criacao.cc_v2/releases/19/wordpress/core/wp-includes/plugin.php(470): WP_Hook->do_action()
#8 /opt/criacao.cc_v2/releases/19/wordpress/plugins/ithemes-security-pro/core/lib/class-itsec-scheduler.php(383): do_action()
#9 /opt/criacao.cc_v2/releases/19/wordpress/plugins/ithemes-security-pro/core/lib/class-itsec-scheduler-page-load.php(298): ITSEC_Scheduler->call_action()
#10 /opt/criacao.cc_v2/releases/19/wordpress/plugins/ithemes-security-pro/core/lib/class-itsec-scheduler-page-load.php(269): ITSEC_Scheduler_Page_Load->run_single_event_by_hash()
#11 /opt/criacao.cc_v2/releases/19/wordpress/plugins/ithemes-security-pro/core/lib/class-itsec-scheduler-page-load.php(227): ITSEC_Scheduler_Page_Load->run_single_event()
#12 /opt/criacao.cc_v2/releases/19/wordpress/plugins/ithemes-security-pro/core/lib/class-itsec-scheduler-page-load.php(184): ITSEC_Scheduler_Page_Load->run_due_now()
#13 /opt/criacao.cc_v2/releases/19/wordpress/core/wp-includes/class-wp-hook.php(303): ITSEC_Scheduler_Page_Load->init()
#14 /opt/criacao.cc_v2/releases/19/wordpress/core/wp-includes/class-wp-hook.php(327): WP_Hook->apply_filters()
#15 /opt/criacao.cc_v2/releases/19/wordpress/core/wp-includes/plugin.php(470): WP_Hook->do_action()
#16 /opt/criacao.cc_v2/releases/19/wordpress/core/wp-settings.php(578): do_action()
#17 /opt/criacao.cc_v2/releases/19/wordpress/wp-config.php(159): require_once('/opt/criacao.cc...')
#18 /opt/criacao.cc_v2/releases/19/wordpress/core/wp-load.php(55): require_once('/opt/criacao.cc...')
#19 /opt/criacao.cc_v2/releases/19/wordpress/core/wp-cron.php(44): require_once('/opt/criacao.cc...')
#20 {main}"";}",process-update,"2021-09-22 20:10:23","2021-09-22 20:09:56",45305024,59230560,wp-cron,1,0,2001:19f0:9002:b2e:5400:2ff:fed9:6bb4
1632320285.7891,file_change,scan,"a:2:{s:6:""status"";s:16:""hash_load_failed"";s:1:""e"";s:3024:""ITSEC_File_Change_Hash_Loading_Failed_Exception: The ITSEC_File_Change_Hash_Comparator_WPOrg_Plugin comparator failed to load hashes for Ocean Side Panel plugin v1.1.2. in /opt/criacao.cc_v2/releases/19/wordpress/plugins/ithemes-security-pro/core/modules/file-change/lib/hash-loading-failed-exception.php:20
Stack trace:
#0 /opt/criacao.cc_v2/releases/19/wordpress/plugins/ithemes-security-pro/pro/online-files/comparator-wporg.php(46): ITSEC_File_Change_Hash_Loading_Failed_Exception::create_for()
#1 /opt/criacao.cc_v2/releases/19/wordpress/plugins/ithemes-security-pro/core/modules/file-change/lib/hash-comparator-chain.php(113): ITSEC_File_Change_Hash_Comparator_WPOrg_Plugin->load()
#2 /opt/criacao.cc_v2/releases/19/wordpress/plugins/ithemes-security-pro/core/modules/file-change/scanner.php(694): ITSEC_File_Change_Hash_Comparator_Chain->load()
#3 /opt/criacao.cc_v2/releases/19/wordpress/plugins/ithemes-security-pro/core/modules/file-change/scanner.php(468): ITSEC_File_Change_Scanner->check_hashes()
#4 /opt/criacao.cc_v2/releases/19/wordpress/plugins/ithemes-security-pro/core/modules/file-change/class-itsec-file-change.php(48): ITSEC_File_Change_Scanner->run()
#5 /opt/criacao.cc_v2/releases/19/wordpress/core/wp-includes/class-wp-hook.php(303): ITSEC_File_Change->run_scan()
#6 /opt/criacao.cc_v2/releases/19/wordpress/core/wp-includes/class-wp-hook.php(327): WP_Hook->apply_filters()
#7 /opt/criacao.cc_v2/releases/19/wordpress/core/wp-includes/plugin.php(470): WP_Hook->do_action()
#8 /opt/criacao.cc_v2/releases/19/wordpress/plugins/ithemes-security-pro/core/lib/class-itsec-scheduler.php(383): do_action()
#9 /opt/criacao.cc_v2/releases/19/wordpress/plugins/ithemes-security-pro/core/lib/class-itsec-scheduler-page-load.php(298): ITSEC_Scheduler->call_action()
#10 /opt/criacao.cc_v2/releases/19/wordpress/plugins/ithemes-security-pro/core/lib/class-itsec-scheduler-page-load.php(269): ITSEC_Scheduler_Page_Load->run_single_event_by_hash()
#11 /opt/criacao.cc_v2/releases/19/wordpress/plugins/ithemes-security-pro/core/lib/class-itsec-scheduler-page-load.php(227): ITSEC_Scheduler_Page_Load->run_single_event()
#12 /opt/criacao.cc_v2/releases/19/wordpress/plugins/ithemes-security-pro/core/lib/class-itsec-scheduler-page-load.php(184): ITSEC_Scheduler_Page_Load->run_due_now()
#13 /opt/criacao.cc_v2/releases/19/wordpress/core/wp-includes/class-wp-hook.php(303): ITSEC_Scheduler_Page_Load->init()
#14 /opt/criacao.cc_v2/releases/19/wordpress/core/wp-includes/class-wp-hook.php(327): WP_Hook->apply_filters()
#15 /opt/criacao.cc_v2/releases/19/wordpress/core/wp-includes/plugin.php(470): WP_Hook->do_action()
#16 /opt/criacao.cc_v2/releases/19/wordpress/core/wp-settings.php(578): do_action()
#17 /opt/criacao.cc_v2/releases/19/wordpress/wp-config.php(159): require_once('/opt/criacao.cc...')
#18 /opt/criacao.cc_v2/releases/19/wordpress/core/wp-load.php(55): require_once('/opt/criacao.cc...')
#19 /opt/criacao.cc_v2/releases/19/wordpress/core/wp-cron.php(44): require_once('/opt/criacao.cc...')
#20 {main}"";}",process-update,"2021-09-22 20:10:25","2021-09-22 20:09:56",45402696,59331296,wp-cron,1,0,2001:19f0:9002:b2e:5400:2ff:fed9:6bb4
1632320285.7891,file_change,scan,"a:2:{s:6:""status"";s:16:""hash_load_failed"";s:1:""e"";s:3053:""ITSEC_File_Change_Hash_Loading_Failed_Exception: The ITSEC_File_Change_Hash_Comparator_WPOrg_Plugin comparator failed to load hashes for WooCommerce Conditional Shipping and Payments plugin v1.9.4. in /opt/criacao.cc_v2/releases/19/wordpress/plugins/ithemes-security-pro/core/modules/file-change/lib/hash-loading-failed-exception.php:20
Stack trace:
#0 /opt/criacao.cc_v2/releases/19/wordpress/plugins/ithemes-security-pro/pro/online-files/comparator-wporg.php(46): ITSEC_File_Change_Hash_Loading_Failed_Exception::create_for()
#1 /opt/criacao.cc_v2/releases/19/wordpress/plugins/ithemes-security-pro/core/modules/file-change/lib/hash-comparator-chain.php(113): ITSEC_File_Change_Hash_Comparator_WPOrg_Plugin->load()
#2 /opt/criacao.cc_v2/releases/19/wordpress/plugins/ithemes-security-pro/core/modules/file-change/scanner.php(694): ITSEC_File_Change_Hash_Comparator_Chain->load()
#3 /opt/criacao.cc_v2/releases/19/wordpress/plugins/ithemes-security-pro/core/modules/file-change/scanner.php(468): ITSEC_File_Change_Scanner->check_hashes()
#4 /opt/criacao.cc_v2/releases/19/wordpress/plugins/ithemes-security-pro/core/modules/file-change/class-itsec-file-change.php(48): ITSEC_File_Change_Scanner->run()
#5 /opt/criacao.cc_v2/releases/19/wordpress/core/wp-includes/class-wp-hook.php(303): ITSEC_File_Change->run_scan()
#6 /opt/criacao.cc_v2/releases/19/wordpress/core/wp-includes/class-wp-hook.php(327): WP_Hook->apply_filters()
#7 /opt/criacao.cc_v2/releases/19/wordpress/core/wp-includes/plugin.php(470): WP_Hook->do_action()
#8 /opt/criacao.cc_v2/releases/19/wordpress/plugins/ithemes-security-pro/core/lib/class-itsec-scheduler.php(383): do_action()
#9 /opt/criacao.cc_v2/releases/19/wordpress/plugins/ithemes-security-pro/core/lib/class-itsec-scheduler-page-load.php(298): ITSEC_Scheduler->call_action()
#10 /opt/criacao.cc_v2/releases/19/wordpress/plugins/ithemes-security-pro/core/lib/class-itsec-scheduler-page-load.php(269): ITSEC_Scheduler_Page_Load->run_single_event_by_hash()
#11 /opt/criacao.cc_v2/releases/19/wordpress/plugins/ithemes-security-pro/core/lib/class-itsec-scheduler-page-load.php(227): ITSEC_Scheduler_Page_Load->run_single_event()
#12 /opt/criacao.cc_v2/releases/19/wordpress/plugins/ithemes-security-pro/core/lib/class-itsec-scheduler-page-load.php(184): ITSEC_Scheduler_Page_Load->run_due_now()
#13 /opt/criacao.cc_v2/releases/19/wordpress/core/wp-includes/class-wp-hook.php(303): ITSEC_Scheduler_Page_Load->init()
#14 /opt/criacao.cc_v2/releases/19/wordpress/core/wp-includes/class-wp-hook.php(327): WP_Hook->apply_filters()
#15 /opt/criacao.cc_v2/releases/19/wordpress/core/wp-includes/plugin.php(470): WP_Hook->do_action()
#16 /opt/criacao.cc_v2/releases/19/wordpress/core/wp-settings.php(578): do_action()
#17 /opt/criacao.cc_v2/releases/19/wordpress/wp-config.php(159): require_once('/opt/criacao.cc...')
#18 /opt/criacao.cc_v2/releases/19/wordpress/core/wp-load.php(55): require_once('/opt/criacao.cc...')
#19 /opt/criacao.cc_v2/releases/19/wordpress/core/wp-cron.php(44): require_once('/opt/criacao.cc...')
#20 {main}"";}",process-update,"2021-09-22 20:10:25","2021-09-22 20:09:56",45510032,59331296,wp-cron,1,0,2001:19f0:9002:b2e:5400:2ff:fed9:6bb4
1632320285.7891,file_change,scan,"a:2:{s:6:""status"";s:16:""hash_load_failed"";s:1:""e"";s:3030:""ITSEC_File_Change_Hash_Loading_Failed_Exception: The ITSEC_File_Change_Hash_Comparator_WPOrg_Plugin comparator failed to load hashes for Polylang for WooCommerce plugin v1.5. in /opt/criacao.cc_v2/releases/19/wordpress/plugins/ithemes-security-pro/core/modules/file-change/lib/hash-loading-failed-exception.php:20
Stack trace:
#0 /opt/criacao.cc_v2/releases/19/wordpress/plugins/ithemes-security-pro/pro/online-files/comparator-wporg.php(46): ITSEC_File_Change_Hash_Loading_Failed_Exception::create_for()
#1 /opt/criacao.cc_v2/releases/19/wordpress/plugins/ithemes-security-pro/core/modules/file-change/lib/hash-comparator-chain.php(113): ITSEC_File_Change_Hash_Comparator_WPOrg_Plugin->load()
#2 /opt/criacao.cc_v2/releases/19/wordpress/plugins/ithemes-security-pro/core/modules/file-change/scanner.php(694): ITSEC_File_Change_Hash_Comparator_Chain->load()
#3 /opt/criacao.cc_v2/releases/19/wordpress/plugins/ithemes-security-pro/core/modules/file-change/scanner.php(468): ITSEC_File_Change_Scanner->check_hashes()
#4 /opt/criacao.cc_v2/releases/19/wordpress/plugins/ithemes-security-pro/core/modules/file-change/class-itsec-file-change.php(48): ITSEC_File_Change_Scanner->run()
#5 /opt/criacao.cc_v2/releases/19/wordpress/core/wp-includes/class-wp-hook.php(303): ITSEC_File_Change->run_scan()
#6 /opt/criacao.cc_v2/releases/19/wordpress/core/wp-includes/class-wp-hook.php(327): WP_Hook->apply_filters()
#7 /opt/criacao.cc_v2/releases/19/wordpress/core/wp-includes/plugin.php(470): WP_Hook->do_action()
#8 /opt/criacao.cc_v2/releases/19/wordpress/plugins/ithemes-security-pro/core/lib/class-itsec-scheduler.php(383): do_action()
#9 /opt/criacao.cc_v2/releases/19/wordpress/plugins/ithemes-security-pro/core/lib/class-itsec-scheduler-page-load.php(298): ITSEC_Scheduler->call_action()
#10 /opt/criacao.cc_v2/releases/19/wordpress/plugins/ithemes-security-pro/core/lib/class-itsec-scheduler-page-load.php(269): ITSEC_Scheduler_Page_Load->run_single_event_by_hash()
#11 /opt/criacao.cc_v2/releases/19/wordpress/plugins/ithemes-security-pro/core/lib/class-itsec-scheduler-page-load.php(227): ITSEC_Scheduler_Page_Load->run_single_event()
#12 /opt/criacao.cc_v2/releases/19/wordpress/plugins/ithemes-security-pro/core/lib/class-itsec-scheduler-page-load.php(184): ITSEC_Scheduler_Page_Load->run_due_now()
#13 /opt/criacao.cc_v2/releases/19/wordpress/core/wp-includes/class-wp-hook.php(303): ITSEC_Scheduler_Page_Load->init()
#14 /opt/criacao.cc_v2/releases/19/wordpress/core/wp-includes/class-wp-hook.php(327): WP_Hook->apply_filters()
#15 /opt/criacao.cc_v2/releases/19/wordpress/core/wp-includes/plugin.php(470): WP_Hook->do_action()
#16 /opt/criacao.cc_v2/releases/19/wordpress/core/wp-settings.php(578): do_action()
#17 /opt/criacao.cc_v2/releases/19/wordpress/wp-config.php(159): require_once('/opt/criacao.cc...')
#18 /opt/criacao.cc_v2/releases/19/wordpress/core/wp-load.php(55): require_once('/opt/criacao.cc...')
#19 /opt/criacao.cc_v2/releases/19/wordpress/core/wp-cron.php(44): require_once('/opt/criacao.cc...')
#20 {main}"";}",process-update,"2021-09-22 20:10:27","2021-09-22 20:09:56",45615184,59331296,wp-cron,1,0,2001:19f0:9002:b2e:5400:2ff:fed9:6bb4
1632320285.7891,file_change,scan,"a:2:{s:6:""status"";s:16:""hash_load_failed"";s:1:""e"";s:3027:""ITSEC_File_Change_Hash_Loading_Failed_Exception: The ITSEC_File_Change_Hash_Comparator_WPOrg_Plugin comparator failed to load hashes for Ocean Sticky Footer plugin v1.1.2. in /opt/criacao.cc_v2/releases/19/wordpress/plugins/ithemes-security-pro/core/modules/file-change/lib/hash-loading-failed-exception.php:20
Stack trace:
#0 /opt/criacao.cc_v2/releases/19/wordpress/plugins/ithemes-security-pro/pro/online-files/comparator-wporg.php(46): ITSEC_File_Change_Hash_Loading_Failed_Exception::create_for()
#1 /opt/criacao.cc_v2/releases/19/wordpress/plugins/ithemes-security-pro/core/modules/file-change/lib/hash-comparator-chain.php(113): ITSEC_File_Change_Hash_Comparator_WPOrg_Plugin->load()
#2 /opt/criacao.cc_v2/releases/19/wordpress/plugins/ithemes-security-pro/core/modules/file-change/scanner.php(694): ITSEC_File_Change_Hash_Comparator_Chain->load()
#3 /opt/criacao.cc_v2/releases/19/wordpress/plugins/ithemes-security-pro/core/modules/file-change/scanner.php(468): ITSEC_File_Change_Scanner->check_hashes()
#4 /opt/criacao.cc_v2/releases/19/wordpress/plugins/ithemes-security-pro/core/modules/file-change/class-itsec-file-change.php(48): ITSEC_File_Change_Scanner->run()
#5 /opt/criacao.cc_v2/releases/19/wordpress/core/wp-includes/class-wp-hook.php(303): ITSEC_File_Change->run_scan()
#6 /opt/criacao.cc_v2/releases/19/wordpress/core/wp-includes/class-wp-hook.php(327): WP_Hook->apply_filters()
#7 /opt/criacao.cc_v2/releases/19/wordpress/core/wp-includes/plugin.php(470): WP_Hook->do_action()
#8 /opt/criacao.cc_v2/releases/19/wordpress/plugins/ithemes-security-pro/core/lib/class-itsec-scheduler.php(383): do_action()
#9 /opt/criacao.cc_v2/releases/19/wordpress/plugins/ithemes-security-pro/core/lib/class-itsec-scheduler-page-load.php(298): ITSEC_Scheduler->call_action()
#10 /opt/criacao.cc_v2/releases/19/wordpress/plugins/ithemes-security-pro/core/lib/class-itsec-scheduler-page-load.php(269): ITSEC_Scheduler_Page_Load->run_single_event_by_hash()
#11 /opt/criacao.cc_v2/releases/19/wordpress/plugins/ithemes-security-pro/core/lib/class-itsec-scheduler-page-load.php(227): ITSEC_Scheduler_Page_Load->run_single_event()
#12 /opt/criacao.cc_v2/releases/19/wordpress/plugins/ithemes-security-pro/core/lib/class-itsec-scheduler-page-load.php(184): ITSEC_Scheduler_Page_Load->run_due_now()
#13 /opt/criacao.cc_v2/releases/19/wordpress/core/wp-includes/class-wp-hook.php(303): ITSEC_Scheduler_Page_Load->init()
#14 /opt/criacao.cc_v2/releases/19/wordpress/core/wp-includes/class-wp-hook.php(327): WP_Hook->apply_filters()
#15 /opt/criacao.cc_v2/releases/19/wordpress/core/wp-includes/plugin.php(470): WP_Hook->do_action()
#16 /opt/criacao.cc_v2/releases/19/wordpress/core/wp-settings.php(578): do_action()
#17 /opt/criacao.cc_v2/releases/19/wordpress/wp-config.php(159): require_once('/opt/criacao.cc...')
#18 /opt/criacao.cc_v2/releases/19/wordpress/core/wp-load.php(55): require_once('/opt/criacao.cc...')
#19 /opt/criacao.cc_v2/releases/19/wordpress/core/wp-cron.php(44): require_once('/opt/criacao.cc...')
#20 {main}"";}",process-update,"2021-09-22 20:10:27","2021-09-22 20:09:56",45693744,59331296,wp-cron,1,0,2001:19f0:9002:b2e:5400:2ff:fed9:6bb4
1632320285.7891,file_change,scan,"a:2:{s:6:""status"";s:16:""hash_load_failed"";s:1:""e"";s:3021:""ITSEC_File_Change_Hash_Loading_Failed_Exception: The ITSEC_File_Change_Hash_Comparator_WPOrg_Plugin comparator failed to load hashes for Elementor Pro plugin v3.3.8. in /opt/criacao.cc_v2/releases/19/wordpress/plugins/ithemes-security-pro/core/modules/file-change/lib/hash-loading-failed-exception.php:20
Stack trace:
#0 /opt/criacao.cc_v2/releases/19/wordpress/plugins/ithemes-security-pro/pro/online-files/comparator-wporg.php(46): ITSEC_File_Change_Hash_Loading_Failed_Exception::create_for()
#1 /opt/criacao.cc_v2/releases/19/wordpress/plugins/ithemes-security-pro/core/modules/file-change/lib/hash-comparator-chain.php(113): ITSEC_File_Change_Hash_Comparator_WPOrg_Plugin->load()
#2 /opt/criacao.cc_v2/releases/19/wordpress/plugins/ithemes-security-pro/core/modules/file-change/scanner.php(694): ITSEC_File_Change_Hash_Comparator_Chain->load()
#3 /opt/criacao.cc_v2/releases/19/wordpress/plugins/ithemes-security-pro/core/modules/file-change/scanner.php(468): ITSEC_File_Change_Scanner->check_hashes()
#4 /opt/criacao.cc_v2/releases/19/wordpress/plugins/ithemes-security-pro/core/modules/file-change/class-itsec-file-change.php(48): ITSEC_File_Change_Scanner->run()
#5 /opt/criacao.cc_v2/releases/19/wordpress/core/wp-includes/class-wp-hook.php(303): ITSEC_File_Change->run_scan()
#6 /opt/criacao.cc_v2/releases/19/wordpress/core/wp-includes/class-wp-hook.php(327): WP_Hook->apply_filters()
#7 /opt/criacao.cc_v2/releases/19/wordpress/core/wp-includes/plugin.php(470): WP_Hook->do_action()
#8 /opt/criacao.cc_v2/releases/19/wordpress/plugins/ithemes-security-pro/core/lib/class-itsec-scheduler.php(383): do_action()
#9 /opt/criacao.cc_v2/releases/19/wordpress/plugins/ithemes-security-pro/core/lib/class-itsec-scheduler-page-load.php(298): ITSEC_Scheduler->call_action()
#10 /opt/criacao.cc_v2/releases/19/wordpress/plugins/ithemes-security-pro/core/lib/class-itsec-scheduler-page-load.php(269): ITSEC_Scheduler_Page_Load->run_single_event_by_hash()
#11 /opt/criacao.cc_v2/releases/19/wordpress/plugins/ithemes-security-pro/core/lib/class-itsec-scheduler-page-load.php(227): ITSEC_Scheduler_Page_Load->run_single_event()
#12 /opt/criacao.cc_v2/releases/19/wordpress/plugins/ithemes-security-pro/core/lib/class-itsec-scheduler-page-load.php(184): ITSEC_Scheduler_Page_Load->run_due_now()
#13 /opt/criacao.cc_v2/releases/19/wordpress/core/wp-includes/class-wp-hook.php(303): ITSEC_Scheduler_Page_Load->init()
#14 /opt/criacao.cc_v2/releases/19/wordpress/core/wp-includes/class-wp-hook.php(327): WP_Hook->apply_filters()
#15 /opt/criacao.cc_v2/releases/19/wordpress/core/wp-includes/plugin.php(470): WP_Hook->do_action()
#16 /opt/criacao.cc_v2/releases/19/wordpress/core/wp-settings.php(578): do_action()
#17 /opt/criacao.cc_v2/releases/19/wordpress/wp-config.php(159): require_once('/opt/criacao.cc...')
#18 /opt/criacao.cc_v2/releases/19/wordpress/core/wp-load.php(55): require_once('/opt/criacao.cc...')
#19 /opt/criacao.cc_v2/releases/19/wordpress/core/wp-cron.php(44): require_once('/opt/criacao.cc...')
#20 {main}"";}",process-update,"2021-09-22 20:10:28","2021-09-22 20:09:56",46049320,59331296,wp-cron,1,0,2001:19f0:9002:b2e:5400:2ff:fed9:6bb4
1632320285.7891,file_change,scan,"a:2:{s:6:""status"";s:16:""hash_load_failed"";s:1:""e"";s:3023:""ITSEC_File_Change_Hash_Loading_Failed_Exception: The ITSEC_File_Change_Hash_Comparator_WPOrg_Plugin comparator failed to load hashes for Ocean Woo Popup plugin v1.0.7. in /opt/criacao.cc_v2/releases/19/wordpress/plugins/ithemes-security-pro/core/modules/file-change/lib/hash-loading-failed-exception.php:20
Stack trace:
#0 /opt/criacao.cc_v2/releases/19/wordpress/plugins/ithemes-security-pro/pro/online-files/comparator-wporg.php(46): ITSEC_File_Change_Hash_Loading_Failed_Exception::create_for()
#1 /opt/criacao.cc_v2/releases/19/wordpress/plugins/ithemes-security-pro/core/modules/file-change/lib/hash-comparator-chain.php(113): ITSEC_File_Change_Hash_Comparator_WPOrg_Plugin->load()
#2 /opt/criacao.cc_v2/releases/19/wordpress/plugins/ithemes-security-pro/core/modules/file-change/scanner.php(694): ITSEC_File_Change_Hash_Comparator_Chain->load()
#3 /opt/criacao.cc_v2/releases/19/wordpress/plugins/ithemes-security-pro/core/modules/file-change/scanner.php(468): ITSEC_File_Change_Scanner->check_hashes()
#4 /opt/criacao.cc_v2/releases/19/wordpress/plugins/ithemes-security-pro/core/modules/file-change/class-itsec-file-change.php(48): ITSEC_File_Change_Scanner->run()
#5 /opt/criacao.cc_v2/releases/19/wordpress/core/wp-includes/class-wp-hook.php(303): ITSEC_File_Change->run_scan()
#6 /opt/criacao.cc_v2/releases/19/wordpress/core/wp-includes/class-wp-hook.php(327): WP_Hook->apply_filters()
#7 /opt/criacao.cc_v2/releases/19/wordpress/core/wp-includes/plugin.php(470): WP_Hook->do_action()
#8 /opt/criacao.cc_v2/releases/19/wordpress/plugins/ithemes-security-pro/core/lib/class-itsec-scheduler.php(383): do_action()
#9 /opt/criacao.cc_v2/releases/19/wordpress/plugins/ithemes-security-pro/core/lib/class-itsec-scheduler-page-load.php(298): ITSEC_Scheduler->call_action()
#10 /opt/criacao.cc_v2/releases/19/wordpress/plugins/ithemes-security-pro/core/lib/class-itsec-scheduler-page-load.php(269): ITSEC_Scheduler_Page_Load->run_single_event_by_hash()
#11 /opt/criacao.cc_v2/releases/19/wordpress/plugins/ithemes-security-pro/core/lib/class-itsec-scheduler-page-load.php(227): ITSEC_Scheduler_Page_Load->run_single_event()
#12 /opt/criacao.cc_v2/releases/19/wordpress/plugins/ithemes-security-pro/core/lib/class-itsec-scheduler-page-load.php(184): ITSEC_Scheduler_Page_Load->run_due_now()
#13 /opt/criacao.cc_v2/releases/19/wordpress/core/wp-includes/class-wp-hook.php(303): ITSEC_Scheduler_Page_Load->init()
#14 /opt/criacao.cc_v2/releases/19/wordpress/core/wp-includes/class-wp-hook.php(327): WP_Hook->apply_filters()
#15 /opt/criacao.cc_v2/releases/19/wordpress/core/wp-includes/plugin.php(470): WP_Hook->do_action()
#16 /opt/criacao.cc_v2/releases/19/wordpress/core/wp-settings.php(578): do_action()
#17 /opt/criacao.cc_v2/releases/19/wordpress/wp-config.php(159): require_once('/opt/criacao.cc...')
#18 /opt/criacao.cc_v2/releases/19/wordpress/core/wp-load.php(55): require_once('/opt/criacao.cc...')
#19 /opt/criacao.cc_v2/releases/19/wordpress/core/wp-cron.php(44): require_once('/opt/criacao.cc...')
#20 {main}"";}",process-update,"2021-09-22 20:10:29","2021-09-22 20:09:56",46132728,59331296,wp-cron,1,0,2001:19f0:9002:b2e:5400:2ff:fed9:6bb4
1632320285.7891,file_change,scan,"a:2:{s:6:""status"";s:16:""hash_load_failed"";s:1:""e"";s:3023:""ITSEC_File_Change_Hash_Loading_Failed_Exception: The ITSEC_File_Change_Hash_Comparator_WPOrg_Plugin comparator failed to load hashes for S3 Uploads plugin v3.0.0-beta. in /opt/criacao.cc_v2/releases/19/wordpress/plugins/ithemes-security-pro/core/modules/file-change/lib/hash-loading-failed-exception.php:20
Stack trace:
#0 /opt/criacao.cc_v2/releases/19/wordpress/plugins/ithemes-security-pro/pro/online-files/comparator-wporg.php(46): ITSEC_File_Change_Hash_Loading_Failed_Exception::create_for()
#1 /opt/criacao.cc_v2/releases/19/wordpress/plugins/ithemes-security-pro/core/modules/file-change/lib/hash-comparator-chain.php(113): ITSEC_File_Change_Hash_Comparator_WPOrg_Plugin->load()
#2 /opt/criacao.cc_v2/releases/19/wordpress/plugins/ithemes-security-pro/core/modules/file-change/scanner.php(694): ITSEC_File_Change_Hash_Comparator_Chain->load()
#3 /opt/criacao.cc_v2/releases/19/wordpress/plugins/ithemes-security-pro/core/modules/file-change/scanner.php(468): ITSEC_File_Change_Scanner->check_hashes()
#4 /opt/criacao.cc_v2/releases/19/wordpress/plugins/ithemes-security-pro/core/modules/file-change/class-itsec-file-change.php(48): ITSEC_File_Change_Scanner->run()
#5 /opt/criacao.cc_v2/releases/19/wordpress/core/wp-includes/class-wp-hook.php(303): ITSEC_File_Change->run_scan()
#6 /opt/criacao.cc_v2/releases/19/wordpress/core/wp-includes/class-wp-hook.php(327): WP_Hook->apply_filters()
#7 /opt/criacao.cc_v2/releases/19/wordpress/core/wp-includes/plugin.php(470): WP_Hook->do_action()
#8 /opt/criacao.cc_v2/releases/19/wordpress/plugins/ithemes-security-pro/core/lib/class-itsec-scheduler.php(383): do_action()
#9 /opt/criacao.cc_v2/releases/19/wordpress/plugins/ithemes-security-pro/core/lib/class-itsec-scheduler-page-load.php(298): ITSEC_Scheduler->call_action()
#10 /opt/criacao.cc_v2/releases/19/wordpress/plugins/ithemes-security-pro/core/lib/class-itsec-scheduler-page-load.php(269): ITSEC_Scheduler_Page_Load->run_single_event_by_hash()
#11 /opt/criacao.cc_v2/releases/19/wordpress/plugins/ithemes-security-pro/core/lib/class-itsec-scheduler-page-load.php(227): ITSEC_Scheduler_Page_Load->run_single_event()
#12 /opt/criacao.cc_v2/releases/19/wordpress/plugins/ithemes-security-pro/core/lib/class-itsec-scheduler-page-load.php(184): ITSEC_Scheduler_Page_Load->run_due_now()
#13 /opt/criacao.cc_v2/releases/19/wordpress/core/wp-includes/class-wp-hook.php(303): ITSEC_Scheduler_Page_Load->init()
#14 /opt/criacao.cc_v2/releases/19/wordpress/core/wp-includes/class-wp-hook.php(327): WP_Hook->apply_filters()
#15 /opt/criacao.cc_v2/releases/19/wordpress/core/wp-includes/plugin.php(470): WP_Hook->do_action()
#16 /opt/criacao.cc_v2/releases/19/wordpress/core/wp-settings.php(578): do_action()
#17 /opt/criacao.cc_v2/releases/19/wordpress/wp-config.php(159): require_once('/opt/criacao.cc...')
#18 /opt/criacao.cc_v2/releases/19/wordpress/core/wp-load.php(55): require_once('/opt/criacao.cc...')
#19 /opt/criacao.cc_v2/releases/19/wordpress/core/wp-cron.php(44): require_once('/opt/criacao.cc...')
#20 {main}"";}",process-update,"2021-09-22 20:10:30","2021-09-22 20:09:56",46221480,59331296,wp-cron,1,0,2001:19f0:9002:b2e:5400:2ff:fed9:6bb4
1632320285.7891,file_change,scan,"a:2:{s:6:""status"";s:16:""hash_load_failed"";s:1:""e"";s:3027:""ITSEC_File_Change_Hash_Loading_Failed_Exception: The ITSEC_File_Change_Hash_Comparator_WPOrg_Plugin comparator failed to load hashes for Ocean Sticky Header plugin v1.2.0. in /opt/criacao.cc_v2/releases/19/wordpress/plugins/ithemes-security-pro/core/modules/file-change/lib/hash-loading-failed-exception.php:20
Stack trace:
#0 /opt/criacao.cc_v2/releases/19/wordpress/plugins/ithemes-security-pro/pro/online-files/comparator-wporg.php(46): ITSEC_File_Change_Hash_Loading_Failed_Exception::create_for()
#1 /opt/criacao.cc_v2/releases/19/wordpress/plugins/ithemes-security-pro/core/modules/file-change/lib/hash-comparator-chain.php(113): ITSEC_File_Change_Hash_Comparator_WPOrg_Plugin->load()
#2 /opt/criacao.cc_v2/releases/19/wordpress/plugins/ithemes-security-pro/core/modules/file-change/scanner.php(694): ITSEC_File_Change_Hash_Comparator_Chain->load()
#3 /opt/criacao.cc_v2/releases/19/wordpress/plugins/ithemes-security-pro/core/modules/file-change/scanner.php(468): ITSEC_File_Change_Scanner->check_hashes()
#4 /opt/criacao.cc_v2/releases/19/wordpress/plugins/ithemes-security-pro/core/modules/file-change/class-itsec-file-change.php(48): ITSEC_File_Change_Scanner->run()
#5 /opt/criacao.cc_v2/releases/19/wordpress/core/wp-includes/class-wp-hook.php(303): ITSEC_File_Change->run_scan()
#6 /opt/criacao.cc_v2/releases/19/wordpress/core/wp-includes/class-wp-hook.php(327): WP_Hook->apply_filters()
#7 /opt/criacao.cc_v2/releases/19/wordpress/core/wp-includes/plugin.php(470): WP_Hook->do_action()
#8 /opt/criacao.cc_v2/releases/19/wordpress/plugins/ithemes-security-pro/core/lib/class-itsec-scheduler.php(383): do_action()
#9 /opt/criacao.cc_v2/releases/19/wordpress/plugins/ithemes-security-pro/core/lib/class-itsec-scheduler-page-load.php(298): ITSEC_Scheduler->call_action()
#10 /opt/criacao.cc_v2/releases/19/wordpress/plugins/ithemes-security-pro/core/lib/class-itsec-scheduler-page-load.php(269): ITSEC_Scheduler_Page_Load->run_single_event_by_hash()
#11 /opt/criacao.cc_v2/releases/19/wordpress/plugins/ithemes-security-pro/core/lib/class-itsec-scheduler-page-load.php(227): ITSEC_Scheduler_Page_Load->run_single_event()
#12 /opt/criacao.cc_v2/releases/19/wordpress/plugins/ithemes-security-pro/core/lib/class-itsec-scheduler-page-load.php(184): ITSEC_Scheduler_Page_Load->run_due_now()
#13 /opt/criacao.cc_v2/releases/19/wordpress/core/wp-includes/class-wp-hook.php(303): ITSEC_Scheduler_Page_Load->init()
#14 /opt/criacao.cc_v2/releases/19/wordpress/core/wp-includes/class-wp-hook.php(327): WP_Hook->apply_filters()
#15 /opt/criacao.cc_v2/releases/19/wordpress/core/wp-includes/plugin.php(470): WP_Hook->do_action()
#16 /opt/criacao.cc_v2/releases/19/wordpress/core/wp-settings.php(578): do_action()
#17 /opt/criacao.cc_v2/releases/19/wordpress/wp-config.php(159): require_once('/opt/criacao.cc...')
#18 /opt/criacao.cc_v2/releases/19/wordpress/core/wp-load.php(55): require_once('/opt/criacao.cc...')
#19 /opt/criacao.cc_v2/releases/19/wordpress/core/wp-cron.php(44): require_once('/opt/criacao.cc...')
#20 {main}"";}",process-update,"2021-09-22 20:10:31","2021-09-22 20:09:56",46328456,60320408,wp-cron,1,0,2001:19f0:9002:b2e:5400:2ff:fed9:6bb4
1632320285.7891,file_change,scan,"a:1:{s:6:""status"";s:25:""hash_comparisons_complete"";}",process-update,"2021-09-22 20:10:33","2021-09-22 20:09:56",39729072,61490224,wp-cron,1,0,2001:19f0:9002:b2e:5400:2ff:fed9:6bb4
